TN:
SF:/Users/vovashliakhovyi/Projects/todo-list/src/App.vue
FN:43,(anonymous_1)
FNF:1
FNH:1
FNDA:1,(anonymous_1)
DA:25,1
DA:26,1
DA:27,1
DA:28,1
DA:29,1
DA:30,1
DA:44,1
LF:7
LH:7
BRF:0
BRH:0
end_of_record
TN:
SF:/Users/vovashliakhovyi/Projects/todo-list/src/registerServiceWorker.js
FN:7,(anonymous_0)
FN:13,(anonymous_1)
FN:16,(anonymous_2)
FN:19,(anonymous_3)
FN:22,(anonymous_4)
FN:25,(anonymous_5)
FN:30,(anonymous_6)
FNF:7
FNH:0
FNDA:0,(anonymous_0)
FNDA:0,(anonymous_1)
FNDA:0,(anonymous_2)
FNDA:0,(anonymous_3)
FNDA:0,(anonymous_4)
FNDA:0,(anonymous_5)
FNDA:0,(anonymous_6)
DA:5,0
DA:6,0
DA:8,0
DA:14,0
DA:17,0
DA:20,0
DA:23,0
DA:26,0
DA:31,0
LF:9
LH:0
BRDA:5,0,0,0
BRDA:5,0,1,0
BRF:2
BRH:0
end_of_record
TN:
SF:/Users/vovashliakhovyi/Projects/todo-list/src/components/CreateTodo.vue
FN:107,(anonymous_1)
FN:128,(anonymous_2)
FN:136,handleSearchForm
FN:148,addTodo
FN:161,(anonymous_5)
FNF:5
FNH:2
FNDA:3,(anonymous_1)
FNDA:3,(anonymous_2)
FNDA:0,handleSearchForm
FNDA:0,addTodo
FNDA:0,(anonymous_5)
DA:103,2
DA:104,2
DA:108,3
DA:129,3
DA:137,0
DA:138,0
DA:140,0
DA:141,0
DA:149,0
DA:150,0
DA:155,0
DA:158,0
DA:159,0
DA:161,0
DA:163,0
DA:164,0
LF:16
LH:4
BRDA:140,0,0,0
BRDA:140,0,1,0
BRDA:149,1,0,0
BRDA:149,1,1,0
BRF:4
BRH:0
end_of_record
TN:
SF:/Users/vovashliakhovyi/Projects/todo-list/src/components/Pagination.vue
FN:58,(anonymous_1)
FN:78,prevNext
FN:91,setCurrentPage
FNF:3
FNH:0
FNDA:0,(anonymous_1)
FNDA:0,prevNext
FNDA:0,setCurrentPage
DA:53,1
DA:59,0
DA:63,0
DA:79,0
DA:80,0
DA:83,0
DA:84,0
DA:92,0
DA:93,0
DA:96,0
DA:97,0
LF:11
LH:1
BRDA:79,0,0,0
BRDA:79,0,1,0
BRDA:92,1,0,0
BRDA:92,1,1,0
BRF:4
BRH:0
end_of_record
TN:
SF:/Users/vovashliakhovyi/Projects/todo-list/src/components/Search.vue
FN:22,(anonymous_1)
FN:33,(anonymous_2)
FN:55,(anonymous_3)
FNF:3
FNH:0
FNDA:0,(anonymous_1)
FNDA:0,(anonymous_2)
FNDA:0,(anonymous_3)
DA:17,2
DA:18,2
DA:19,2
DA:23,0
DA:34,0
DA:36,0
DA:37,0
DA:40,0
DA:41,0
DA:45,0
DA:48,0
DA:52,0
DA:56,0
LF:13
LH:3
BRDA:36,0,0,0
BRDA:36,0,1,0
BRDA:40,1,0,0
BRDA:40,1,1,0
BRF:4
BRH:0
end_of_record
TN:
SF:/Users/vovashliakhovyi/Projects/todo-list/src/components/TodoList.vue
FN:50,(anonymous_1)
FN:74,(anonymous_2)
FN:75,(anonymous_3)
FN:86,launchSpeedBump
FN:106,updateTodoInfo
FNF:5
FNH:0
FNDA:0,(anonymous_1)
FNDA:0,(anonymous_2)
FNDA:0,(anonymous_3)
FNDA:0,launchSpeedBump
FNDA:0,updateTodoInfo
DA:45,1
DA:46,1
DA:47,1
DA:51,0
DA:75,0
DA:76,0
DA:77,0
DA:87,0
DA:88,0
DA:91,0
DA:98,0
DA:99,0
DA:107,0
DA:108,0
DA:111,0
DA:112,0
DA:117,0
DA:120,0
DA:121,0
DA:122,0
LF:20
LH:3
BRDA:87,0,0,0
BRDA:87,0,1,0
BRDA:87,1,0,0
BRDA:87,1,1,0
BRDA:107,2,0,0
BRDA:107,2,1,0
BRDA:107,3,0,0
BRDA:107,3,1,0
BRDA:111,4,0,0
BRDA:111,4,1,0
BRDA:120,5,0,0
BRDA:120,5,1,0
BRDA:121,6,0,0
BRDA:121,6,1,0
BRF:14
BRH:0
end_of_record
TN:
SF:/Users/vovashliakhovyi/Projects/todo-list/src/components/shared/Message.vue
FN:11,(anonymous_1)
FN:19,(anonymous_2)
FN:24,(anonymous_3)
FN:35,(anonymous_4)
FN:42,(anonymous_5)
FNF:5
FNH:0
FNDA:0,(anonymous_1)
FNDA:0,(anonymous_2)
FNDA:0,(anonymous_3)
FNDA:0,(anonymous_4)
FNDA:0,(anonymous_5)
DA:8,1
DA:12,0
DA:20,0
DA:25,0
DA:36,0
DA:37,0
DA:40,0
DA:42,0
DA:43,0
LF:9
LH:1
BRDA:20,0,0,0
BRDA:20,0,1,0
BRDA:25,1,0,0
BRDA:25,1,1,0
BRDA:36,2,0,0
BRDA:36,2,1,0
BRF:6
BRH:0
end_of_record
TN:
SF:/Users/vovashliakhovyi/Projects/todo-list/src/components/shared/SpeedBump.vue
FN:65,continueSpeedbumb
FNF:1
FNH:0
FNDA:0,continueSpeedbumb
DA:50,1
DA:51,1
DA:66,0
DA:67,0
LF:4
LH:2
BRDA:66,0,0,0
BRDA:66,0,1,0
BRF:2
BRH:0
end_of_record
TN:
SF:/Users/vovashliakhovyi/Projects/todo-list/src/constants/index.js
FNF:0
FNH:0
DA:1,2
DA:8,2
DA:12,2
DA:16,2
LF:4
LH:4
BRF:0
BRH:0
end_of_record
TN:
SF:/Users/vovashliakhovyi/Projects/todo-list/src/helpers/event-bus.js
FNF:0
FNH:0
LF:0
LH:0
BRF:0
BRH:0
end_of_record
TN:
SF:/Users/vovashliakhovyi/Projects/todo-list/src/store/actions.js
FN:9,(anonymous_0)
FN:17,(anonymous_1)
FN:33,(anonymous_2)
FN:38,(anonymous_3)
FN:47,(anonymous_4)
FN:55,(anonymous_5)
FN:60,(anonymous_6)
FN:63,(anonymous_7)
FN:70,(anonymous_8)
FN:75,(anonymous_9)
FN:78,(anonymous_10)
FN:85,(anonymous_11)
FN:93,handleErrors
FNF:13
FNH:0
FNDA:0,(anonymous_0)
FNDA:0,(anonymous_1)
FNDA:0,(anonymous_2)
FNDA:0,(anonymous_3)
FNDA:0,(anonymous_4)
FNDA:0,(anonymous_5)
FNDA:0,(anonymous_6)
FNDA:0,(anonymous_7)
FNDA:0,(anonymous_8)
FNDA:0,(anonymous_9)
FNDA:0,(anonymous_10)
FNDA:0,(anonymous_11)
FNDA:0,handleErrors
DA:7,0
DA:9,0
DA:10,0
DA:11,0
DA:12,0
DA:13,0
DA:15,0
DA:18,0
DA:20,0
DA:21,0
DA:23,0
DA:24,0
DA:26,0
DA:27,0
DA:34,0
DA:38,0
DA:39,0
DA:45,0
DA:48,0
DA:49,0
DA:53,0
DA:56,0
DA:60,0
DA:61,0
DA:64,0
DA:65,0
DA:71,0
DA:75,0
DA:76,0
DA:79,0
DA:80,0
DA:86,0
DA:94,0
DA:95,0
DA:96,0
DA:97,0
DA:98,0
LF:37
LH:0
BRDA:9,0,0,0
BRDA:13,1,0,0
BRDA:13,1,1,0
BRDA:21,2,0,0
BRDA:21,2,1,0
BRDA:26,3,0,0
BRDA:26,3,1,0
BRDA:97,4,0,0
BRDA:97,4,1,0
BRF:9
BRH:0
end_of_record
TN:
SF:/Users/vovashliakhovyi/Projects/todo-list/src/store/index.js
FNF:0
FNH:0
DA:8,0
LF:1
LH:0
BRF:0
BRH:0
end_of_record
TN:
SF:/Users/vovashliakhovyi/Projects/todo-list/src/store/mutation-types.js
FNF:0
FNH:0
DA:2,0
DA:3,0
DA:4,0
DA:5,0
DA:8,0
DA:9,0
DA:11,0
DA:12,0
DA:13,0
DA:14,0
LF:10
LH:0
BRF:0
BRH:0
end_of_record
TN:
SF:/Users/vovashliakhovyi/Projects/todo-list/src/store/mutations.js
FN:4,(anonymous_0)
FN:11,(anonymous_1)
FN:18,(anonymous_2)
FN:25,(anonymous_3)
FN:32,(anonymous_4)
FN:40,(anonymous_5)
FN:48,(anonymous_6)
FN:56,(anonymous_7)
FN:60,(anonymous_8)
FN:64,(anonymous_9)
FNF:10
FNH:0
FNDA:0,(anonymous_0)
FNDA:0,(anonymous_1)
FNDA:0,(anonymous_2)
FNDA:0,(anonymous_3)
FNDA:0,(anonymous_4)
FNDA:0,(anonymous_5)
FNDA:0,(anonymous_6)
FNDA:0,(anonymous_7)
FNDA:0,(anonymous_8)
FNDA:0,(anonymous_9)
DA:5,0
DA:6,0
DA:8,0
DA:12,0
DA:13,0
DA:15,0
DA:19,0
DA:20,0
DA:22,0
DA:26,0
DA:27,0
DA:29,0
DA:33,0
DA:34,0
DA:37,0
DA:41,0
DA:42,0
DA:45,0
DA:49,0
DA:50,0
DA:53,0
DA:57,0
DA:61,0
DA:65,0
LF:24
LH:0
BRDA:5,0,0,0
BRDA:5,0,1,0
BRDA:12,1,0,0
BRDA:12,1,1,0
BRDA:19,2,0,0
BRDA:19,2,1,0
BRDA:26,3,0,0
BRDA:26,3,1,0
BRDA:33,4,0,0
BRDA:33,4,1,0
BRDA:41,5,0,0
BRDA:41,5,1,0
BRDA:49,6,0,0
BRDA:49,6,1,0
BRF:14
BRH:0
end_of_record
TN:
SF:/Users/vovashliakhovyi/Projects/todo-list/src/store/state.js
FNF:0
FNH:0
LF:0
LH:0
BRF:0
BRH:0
end_of_record
